<?xml version="1.0" encoding="UTF-8"?>
<!-- Generated by org.testng.reporters.JUnitXMLReporter -->
<testsuite ignored="0" hostname="LAPTOP-BVPCP31P" failures="0" tests="4" name="Default test" time="81.115" errors="0" timestamp="2024-09-23T11:48:56 IST">
  <testcase classname="entrataTests.FirstTest" name="title" time="0.054"/>
  <testcase classname="entrataTests.FirstTest" name="schedule_demo_test" time="8.75"/>
  <testcase classname="entrataTests.FirstTest" name="signin_as_manager_test" time="11.09"/>
  <testcase classname="entrataTests.FirstTest" name="products_dropdown_nav_test" time="8.168"/>
</testsuite> <!-- Default test -->
