<?xml version="1.0" encoding="UTF-8"?>
<testng-results ignored="0" total="4" passed="4" failed="0" skipped="0">
  <reporter-output>
  </reporter-output>
  <suite started-at="2024-09-23T11:47:34 IST" name="Default suite" finished-at="2024-09-23T11:48:55 IST" duration-ms="81115">
    <groups>
    </groups>
    <test started-at="2024-09-23T11:47:34 IST" name="Default test" finished-at="2024-09-23T11:48:55 IST" duration-ms="81115">
      <class name="entrataTests.FirstTest">
        <test-method is-config="true" signature="launchBrowser()[pri:0, instance:entrataTests.FirstTest@188715b5]" started-at="2024-09-23T11:47:34 IST" name="launchBrowser" finished-at="2024-09-23T11:47:48 IST" duration-ms="14041" status="PASS">
          <reporter-output>
          </reporter-output>
        </test-method> <!-- launchBrowser -->
        <test-method signature="title()[pri:1, instance:entrataTests.FirstTest@188715b5]" started-at="2024-09-23T11:47:48 IST" name="title" finished-at="2024-09-23T11:47:49 IST" duration-ms="54" status="PASS">
          <reporter-output>
          </reporter-output>
        </test-method> <!-- title -->
        <test-method is-config="true" signature="teardown()[pri:0, instance:entrataTests.FirstTest@188715b5]" started-at="2024-09-23T11:47:49 IST" name="teardown" finished-at="2024-09-23T11:47:49 IST" duration-ms="188" status="PASS">
          <reporter-output>
          </reporter-output>
        </test-method> <!-- teardown -->
        <test-method is-config="true" signature="launchBrowser()[pri:0, instance:entrataTests.FirstTest@188715b5]" started-at="2024-09-23T11:47:49 IST" name="launchBrowser" finished-at="2024-09-23T11:48:02 IST" duration-ms="13786" status="PASS">
          <reporter-output>
          </reporter-output>
        </test-method> <!-- launchBrowser -->
        <test-method signature="schedule_demo_test()[pri:2, instance:entrataTests.FirstTest@188715b5]" started-at="2024-09-23T11:48:02 IST" name="schedule_demo_test" finished-at="2024-09-23T11:48:11 IST" duration-ms="8750" status="PASS">
          <reporter-output>
          </reporter-output>
        </test-method> <!-- schedule_demo_test -->
        <test-method is-config="true" signature="teardown()[pri:0, instance:entrataTests.FirstTest@188715b5]" started-at="2024-09-23T11:48:11 IST" name="teardown" finished-at="2024-09-23T11:48:12 IST" duration-ms="636" status="PASS">
          <reporter-output>
          </reporter-output>
        </test-method> <!-- teardown -->
        <test-method is-config="true" signature="launchBrowser()[pri:0, instance:entrataTests.FirstTest@188715b5]" started-at="2024-09-23T11:48:12 IST" name="launchBrowser" finished-at="2024-09-23T11:48:24 IST" duration-ms="12194" status="PASS">
          <reporter-output>
          </reporter-output>
        </test-method> <!-- launchBrowser -->
        <test-method signature="signin_as_manager_test()[pri:3, instance:entrataTests.FirstTest@188715b5]" started-at="2024-09-23T11:48:24 IST" name="signin_as_manager_test" finished-at="2024-09-23T11:48:35 IST" duration-ms="11090" status="PASS">
          <reporter-output>
          </reporter-output>
        </test-method> <!-- signin_as_manager_test -->
        <test-method is-config="true" signature="teardown()[pri:0, instance:entrataTests.FirstTest@188715b5]" started-at="2024-09-23T11:48:35 IST" name="teardown" finished-at="2024-09-23T11:48:35 IST" duration-ms="328" status="PASS">
          <reporter-output>
          </reporter-output>
        </test-method> <!-- teardown -->
        <test-method is-config="true" signature="launchBrowser()[pri:0, instance:entrataTests.FirstTest@188715b5]" started-at="2024-09-23T11:48:35 IST" name="launchBrowser" finished-at="2024-09-23T11:48:47 IST" duration-ms="11525" status="PASS">
          <reporter-output>
          </reporter-output>
        </test-method> <!-- launchBrowser -->
        <test-method signature="products_dropdown_nav_test()[pri:4, instance:entrataTests.FirstTest@188715b5]" started-at="2024-09-23T11:48:47 IST" name="products_dropdown_nav_test" finished-at="2024-09-23T11:48:55 IST" duration-ms="8168" status="PASS">
          <reporter-output>
          </reporter-output>
        </test-method> <!-- products_dropdown_nav_test -->
        <test-method is-config="true" signature="teardown()[pri:0, instance:entrataTests.FirstTest@188715b5]" started-at="2024-09-23T11:48:55 IST" name="teardown" finished-at="2024-09-23T11:48:55 IST" duration-ms="310" status="PASS">
          <reporter-output>
          </reporter-output>
        </test-method> <!-- teardown -->
      </class> <!-- entrataTests.FirstTest -->
    </test> <!-- Default test -->
  </suite> <!-- Default suite -->
</testng-results>
